0 info it worked if it ends with ok
1 verbose cli [ 'C:\\Development\\Software\\nodejs\\node.exe',
1 verbose cli   'C:\\Development\\Software\\nodejs\\node_modules\\npm\\bin\\npm-cli.js',
1 verbose cli   'run',
1 verbose cli   'start' ]
2 info using npm@3.10.10
3 info using node@v6.9.5
4 verbose run-script [ 'prestart', 'start', 'poststart' ]
5 info lifecycle dbt_server@1.0.0~prestart: dbt_server@1.0.0
6 verbose lifecycle dbt_server@1.0.0~prestart: unsafe-perm in lifecycle true
7 verbose lifecycle dbt_server@1.0.0~prestart: PATH: C:\Development\Software\nodejs\node_modules\npm\bin\node-gyp-bin;C:\Development\Projects\DatabaseTrainingDotCom\databaseTrainingServer_MongoDB\node_modules\.bin;C:\app\ORA_DB\product\12.1.0\dbhome_1\bin;C:\Development\Software\apache-maven-3.3.9\bin;C:\Development\Software\Git\cmd;C:\Development\Software\Java\jdk1.8.0_121\bin;C:\Development\Software\Python36\Scripts\;C:\Development\Software\Python36\;C:\Development\Software\nodejs\;c:\Development\Software\Rtools\bin;c:\Development\Software\Rtools\mingw_32\bin;c:\php;C:\Program Files (x86)\Common Files\Oracle\Java\javapath;C:\Program Files (x86)\Intel\iCLS Client\;C:\Program Files (x86)\Intel\Intel(R) Management Engine Components\DAL;C:\Program Files (x86)\Intel\Intel(R) Management Engine Components\IPT;C:\Program Files (x86)\NVIDIA Corporation\PhysX\Common;C:\Program Files (x86)\QuickTime\QTSystem\;C:\Program Files (x86)\Skype\Phone\;C:\Program Files\Common Files\Intel\WirelessCommon\;C:\Program Files\dotnet\;C:\Program Files\IDM Computer Solutions\UltraEdit;C:\Program Files\Intel\iCLS Client\;C:\Program Files\Intel\Intel(R) Management Engine Components\DAL;C:\Program Files\Intel\Intel(R) Management Engine Components\IPT;C:\Program Files\Intel\WiFi\bin\;C:\Program Files\Microsoft SQL Server\130\Tools\Binn\;C:\Program Files\Microsoft MPI\Bin\;C:\Program Files\MySQL\MySQL Utilities 1.6\;C:\ProgramData\Oracle\Java\javapath;C:\RBuildTools\3.4\bin;C:\RBuildTools\3.4\mingw_32\bin;C:\Windows;C:\Windows\system32;C:\Windows\System32\Wbem;C:\Windows\System32\WindowsPowerShell\v1.0\;C:\WINDOWS;C:\WINDOWS\System32;C:\WINDOWS\System32\OpenSSH\;C:\WINDOWS\System32\Wbem;C:\WINDOWS\System32\WindowsPowerShell\v1.0\;C:\Development\Software\apache-ant-1.10.1/bin;C:\Development\Software\Docker Toolbox;C:\Development\Software\Java\jdk1.8.0_91\\bin;C:\Development\Software\Microsoft VS Code\bin;C:\Development\Software\MongoDB\Server\3.4\bin;c:\Development\Software\PostgreSQL\10\bin;C:\Development\Software\Python27\Scripts;C:\Development\Software\Python27;C:\Development\Software\R\R-3.5.0\bin;C:\Users\Steve\AppData\Local\atom\bin;C:\Users\Steve\AppData\Local\GitHubDesktop\bin;C:\Users\Steve\AppData\Local\Microsoft\WindowsApps;C:\Users\Steve\AppData\Roaming\npm;C:\Users\Steve\AppData\Local\Microsoft\WindowsApps
8 verbose lifecycle dbt_server@1.0.0~prestart: CWD: C:\Development\Projects\DatabaseTrainingDotCom\databaseTrainingServer_MongoDB
9 silly lifecycle dbt_server@1.0.0~prestart: Args: [ '/d /s /c', 'start mongod' ]
10 silly lifecycle dbt_server@1.0.0~prestart: Returned: code: 0  signal: null
11 info lifecycle dbt_server@1.0.0~start: dbt_server@1.0.0
12 verbose lifecycle dbt_server@1.0.0~start: unsafe-perm in lifecycle true
13 verbose lifecycle dbt_server@1.0.0~start: PATH: C:\Development\Software\nodejs\node_modules\npm\bin\node-gyp-bin;C:\Development\Projects\DatabaseTrainingDotCom\databaseTrainingServer_MongoDB\node_modules\.bin;C:\app\ORA_DB\product\12.1.0\dbhome_1\bin;C:\Development\Software\apache-maven-3.3.9\bin;C:\Development\Software\Git\cmd;C:\Development\Software\Java\jdk1.8.0_121\bin;C:\Development\Software\Python36\Scripts\;C:\Development\Software\Python36\;C:\Development\Software\nodejs\;c:\Development\Software\Rtools\bin;c:\Development\Software\Rtools\mingw_32\bin;c:\php;C:\Program Files (x86)\Common Files\Oracle\Java\javapath;C:\Program Files (x86)\Intel\iCLS Client\;C:\Program Files (x86)\Intel\Intel(R) Management Engine Components\DAL;C:\Program Files (x86)\Intel\Intel(R) Management Engine Components\IPT;C:\Program Files (x86)\NVIDIA Corporation\PhysX\Common;C:\Program Files (x86)\QuickTime\QTSystem\;C:\Program Files (x86)\Skype\Phone\;C:\Program Files\Common Files\Intel\WirelessCommon\;C:\Program Files\dotnet\;C:\Program Files\IDM Computer Solutions\UltraEdit;C:\Program Files\Intel\iCLS Client\;C:\Program Files\Intel\Intel(R) Management Engine Components\DAL;C:\Program Files\Intel\Intel(R) Management Engine Components\IPT;C:\Program Files\Intel\WiFi\bin\;C:\Program Files\Microsoft SQL Server\130\Tools\Binn\;C:\Program Files\Microsoft MPI\Bin\;C:\Program Files\MySQL\MySQL Utilities 1.6\;C:\ProgramData\Oracle\Java\javapath;C:\RBuildTools\3.4\bin;C:\RBuildTools\3.4\mingw_32\bin;C:\Windows;C:\Windows\system32;C:\Windows\System32\Wbem;C:\Windows\System32\WindowsPowerShell\v1.0\;C:\WINDOWS;C:\WINDOWS\System32;C:\WINDOWS\System32\OpenSSH\;C:\WINDOWS\System32\Wbem;C:\WINDOWS\System32\WindowsPowerShell\v1.0\;C:\Development\Software\apache-ant-1.10.1/bin;C:\Development\Software\Docker Toolbox;C:\Development\Software\Java\jdk1.8.0_91\\bin;C:\Development\Software\Microsoft VS Code\bin;C:\Development\Software\MongoDB\Server\3.4\bin;c:\Development\Software\PostgreSQL\10\bin;C:\Development\Software\Python27\Scripts;C:\Development\Software\Python27;C:\Development\Software\R\R-3.5.0\bin;C:\Users\Steve\AppData\Local\atom\bin;C:\Users\Steve\AppData\Local\GitHubDesktop\bin;C:\Users\Steve\AppData\Local\Microsoft\WindowsApps;C:\Users\Steve\AppData\Roaming\npm;C:\Users\Steve\AppData\Local\Microsoft\WindowsApps
14 verbose lifecycle dbt_server@1.0.0~start: CWD: C:\Development\Projects\DatabaseTrainingDotCom\databaseTrainingServer_MongoDB
15 silly lifecycle dbt_server@1.0.0~start: Args: [ '/d /s /c', 'nodemon ./index.js --exec babel-node -e js' ]
16 silly lifecycle dbt_server@1.0.0~start: Returned: code: 3221225786  signal: null
17 info lifecycle dbt_server@1.0.0~start: Failed to exec start script
18 verbose stack Error: dbt_server@1.0.0 start: `nodemon ./index.js --exec babel-node -e js`
18 verbose stack Exit status 3221225786
18 verbose stack     at EventEmitter.<anonymous> (C:\Development\Software\nodejs\node_modules\npm\lib\utils\lifecycle.js:255:16)
18 verbose stack     at emitTwo (events.js:106:13)
18 verbose stack     at EventEmitter.emit (events.js:191:7)
18 verbose stack     at ChildProcess.<anonymous> (C:\Development\Software\nodejs\node_modules\npm\lib\utils\spawn.js:40:14)
18 verbose stack     at emitTwo (events.js:106:13)
18 verbose stack     at ChildProcess.emit (events.js:191:7)
18 verbose stack     at maybeClose (internal/child_process.js:877:16)
18 verbose stack     at Process.ChildProcess._handle.onexit (internal/child_process.js:226:5)
19 verbose pkgid dbt_server@1.0.0
20 verbose cwd C:\Development\Projects\DatabaseTrainingDotCom\databaseTrainingServer_MongoDB
21 error Windows_NT 10.0.17134
22 error argv "C:\\Development\\Software\\nodejs\\node.exe" "C:\\Development\\Software\\nodejs\\node_modules\\npm\\bin\\npm-cli.js" "run" "start"
23 error node v6.9.5
24 error npm  v3.10.10
25 error code ELIFECYCLE
26 error dbt_server@1.0.0 start: `nodemon ./index.js --exec babel-node -e js`
26 error Exit status 3221225786
27 error Failed at the dbt_server@1.0.0 start script 'nodemon ./index.js --exec babel-node -e js'.
27 error Make sure you have the latest version of node.js and npm installed.
27 error If you do, this is most likely a problem with the dbt_server package,
27 error not with npm itself.
27 error Tell the author that this fails on your system:
27 error     nodemon ./index.js --exec babel-node -e js
27 error You can get information on how to open an issue for this project with:
27 error     npm bugs dbt_server
27 error Or if that isn't available, you can get their info via:
27 error     npm owner ls dbt_server
27 error There is likely additional logging output above.
28 verbose exit [ 1, true ]
